<?xml version="1.0" encoding="UTF-8" ?>
<testsuite 
errors="0" failures="0" hostname="Bastor" name="ComplexTypeDecoderTest" tests="4" time="0.034" timestamp="2014-05-16T23:20:32">
  <properties>
    <property name="java.runtime.name" value="OpenJDK Runtime Environment">
    </property>
    <property 
    name="sun.boot.library.path" value="/usr/lib/jvm/java-7-openjdk/jre/lib/amd64">
</property>
    <property name="java.vm.version" value="24.51-b03"> </property>
    <property name="java.vm.vendor" value="Oracle Corporation"> </property>
    <property name="java.vendor.url" value="http://java.oracle.com/">
    </property>
    <property name="path.separator" value=":"> </property>
    <property name="java.vm.name" value="OpenJDK 64-Bit Server VM"> </property>
    <property name="file.encoding.pkg" value="sun.io"> </property>
    <property name="user.country" value="GB"> </property>
    <property name="sun.java.launcher" value="SUN_STANDARD"> </property>
    <property name="sun.os.patch.level" value="unknown"> </property>
    <property 
    name="java.vm.specification.name" value="Java Virtual Machine Specification">
</property>
    <property name="user.dir" value="/home/basti/IdeaProjects/gpxparser">
    </property>
    <property name="java.runtime.version" value="1.7.0_55-b14"> </property>
    <property 
    name="java.awt.graphicsenv" value="sun.awt.X11GraphicsEnvironment">
</property>
    <property name="basedir" value="/home/basti/IdeaProjects/gpxparser">
    </property>
    <property 
    name="java.endorsed.dirs" value="/usr/lib/jvm/java-7-openjdk/jre/lib/endorsed">
</property>
    <property name="os.arch" value="amd64"> </property>
    <property name="java.io.tmpdir" value="/tmp"> </property>
    <property name="line.separator" value=" "> </property>
    <property name="java.vm.specification.vendor" value="Oracle Corporation">
    </property>
    <property name="os.name" value="Linux"> </property>
    <property name="sun.jnu.encoding" value="UTF-8"> </property>
    <property 
    name="java.library.path" value="/usr/java/packages/lib/amd64:/usr/lib64:/lib64:/lib:/usr/lib">
</property>
    <property 
    name="java.specification.name" value="Java Platform API Specification">
</property>
    <property name="java.class.version" value="51.0"> </property>
    <property 
    name="sun.management.compiler" value="HotSpot 64-Bit Tiered Compilers">
</property>
    <property name="os.version" value="3.14.4-1-ARCH"> </property>
    <property name="user.home" value="/home/basti"> </property>
    <property name="user.timezone" value=""> </property>
    <property name="java.awt.printerjob" value="sun.print.PSPrinterJob">
    </property>
    <property name="file.encoding" value="UTF-8"> </property>
    <property name="java.specification.version" value="1.7"> </property>
    <property name="user.name" value="basti"> </property>
    <property 
    name="java.class.path" value="/home/basti/IdeaProjects/gpxparser/target/test-classes:/home/basti/IdeaProjects/gpxparser/target/classes:/home/basti/.m2/repository/org/scala-lang/scala-library/2.10.3/scala-library-2.10.3.jar:/home/basti/.m2/repository/org/scalatest/scalatest_2.10/2.1.0/scalatest_2.10-2.1.0.jar:/home/basti/.m2/repository/org/scala-lang/scala-reflect/2.10.3/scala-reflect-2.10.3.jar">
</property>
    <property name="java.vm.specification.version" value="1.7"> </property>
    <property name="sun.arch.data.model" value="64"> </property>
    <property name="java.home" value="/usr/lib/jvm/java-7-openjdk/jre">
    </property>
    <property 
    name="sun.java.command" value="org.scalatest.tools.Runner -p /home/basti/IdeaProjects/gpxparser/target/classes /home/basti/IdeaProjects/gpxparser/target/test-classes -o -fWDF /home/basti/IdeaProjects/gpxparser/target/surefire-reports/TestSuite.txt -u /home/basti/IdeaProjects/gpxparser/target/surefire-reports/.">
</property>
    <property name="java.specification.vendor" value="Oracle Corporation">
    </property>
    <property name="user.language" value="en"> </property>
    <property name="awt.toolkit" value="sun.awt.X11.XToolkit"> </property>
    <property name="java.vm.info" value="mixed mode"> </property>
    <property name="java.version" value="1.7.0_55"> </property>
    <property 
    name="java.ext.dirs" value="/usr/lib/jvm/java-7-openjdk/jre/lib/ext:/usr/java/packages/lib/ext">
</property>
    <property 
    name="sun.boot.class.path" value="/usr/lib/jvm/java-7-openjdk/jre/lib/resources.jar:/usr/lib/jvm/java-7-openjdk/jre/lib/rt.jar:/usr/lib/jvm/java-7-openjdk/jre/lib/sunrsasign.jar:/usr/lib/jvm/java-7-openjdk/jre/lib/jsse.jar:/usr/lib/jvm/java-7-openjdk/jre/lib/jce.jar:/usr/lib/jvm/java-7-openjdk/jre/lib/charsets.jar:/usr/lib/jvm/java-7-openjdk/jre/lib/netx.jar:/usr/lib/jvm/java-7-openjdk/jre/lib/plugin.jar:/usr/lib/jvm/java-7-openjdk/jre/lib/rhino.jar:/usr/lib/jvm/java-7-openjdk/jre/lib/jfr.jar:/usr/lib/jvm/java-7-openjdk/jre/classes">
</property>
    <property name="java.vendor" value="Oracle Corporation"> </property>
    <property name="file.separator" value="/"> </property>
    <property 
    name="java.vendor.url.bug" value="http://bugreport.sun.com/bugreport/">
</property>
    <property name="sun.cpu.endian" value="little"> </property>
    <property name="sun.io.unicode.encoding" value="UnicodeLittle"> </property>
    <property name="sun.desktop" value="gnome"> </property>
    <property name="sun.cpu.isalist" value=""> </property>
  </properties>
  <testcase 
  name="Test: Email Decoder" classname="ComplexTypeDecoderTest" time="0.012">
</testcase>
  <testcase 
  name="Test: Copyright Decoder" classname="ComplexTypeDecoderTest" time="0.0">
</testcase>
  <testcase 
  name="Test: Link Decoder" classname="ComplexTypeDecoderTest" time="0.0">
</testcase>
  <testcase 
  name="Test: Person Decoder" classname="ComplexTypeDecoderTest" time="0.001">
</testcase>
  <system-out><![CDATA[]]></system-out>
  <system-err><![CDATA[]]></system-err>
</testsuite>
